2024-05-12 21:12:17.558 | INFO     | __main__:compare_search_time:27 - 100 - age
2024-05-12 21:12:17.558 | INFO     | __main__:compare_search_time:38 - Binary time: 1.0013580322265625e-05
2024-05-12 21:12:17.558 | INFO     | __main__:compare_search_time:49 - Hash time: 9.5367431640625e-07
2024-05-12 21:12:17.558 | INFO     | __main__:compare_search_time:62 - Red black tree time: 1.0967254638671875e-05
2024-05-12 21:12:17.559 | INFO     | __main__:compare_search_time:27 - 1000 - name
2024-05-12 21:12:17.575 | INFO     | __main__:compare_search_time:38 - Binary time: 0.0003261566162109375
2024-05-12 21:12:17.575 | INFO     | __main__:compare_search_time:49 - Hash time: 3.0994415283203125e-06
2024-05-12 21:12:17.577 | INFO     | __main__:compare_search_time:62 - Red black tree time: 7.581710815429688e-05
2024-05-12 21:12:17.580 | INFO     | __main__:compare_search_time:27 - 5000 - name
2024-05-12 21:12:17.861 | INFO     | __main__:compare_search_time:38 - Binary time: 0.0029489994049072266
2024-05-12 21:12:17.863 | INFO     | __main__:compare_search_time:49 - Hash time: 9.5367431640625e-07
2024-05-12 21:12:17.872 | INFO     | __main__:compare_search_time:62 - Red black tree time: 0.00041675567626953125
2024-05-12 21:12:17.878 | INFO     | __main__:compare_search_time:27 - 10000 - age
2024-05-12 21:12:19.016 | INFO     | __main__:compare_search_time:38 - Binary time: 0.007983922958374023
2024-05-12 21:12:19.019 | INFO     | __main__:compare_search_time:49 - Hash time: 0.0
2024-05-12 21:12:19.038 | INFO     | __main__:compare_search_time:62 - Red black tree time: 0.0007169246673583984
2024-05-12 21:12:19.078 | INFO     | __main__:compare_search_time:27 - 50000 - country
2024-05-12 21:12:46.929 | INFO     | __main__:compare_search_time:38 - Binary time: 0.18342924118041992
2024-05-12 21:12:46.958 | INFO     | __main__:compare_search_time:49 - Hash time: 1.9073486328125e-06
2024-05-12 21:12:47.079 | INFO     | __main__:compare_search_time:62 - Red black tree time: 0.003831624984741211
2024-05-12 21:12:47.486 | INFO     | __main__:compare_search_time:27 - 750000 - name
2024-05-12 22:21:52.885 | INFO     | __main__:compare_search_time:27 - 100 - name
2024-05-12 22:21:52.886 | INFO     | __main__:compare_search_time:41 - Binary time: 1.2874603271484375e-05
2024-05-12 22:21:52.886 | INFO     | __main__:compare_search_time:52 - Hash time: 1.1920928955078125e-06
2024-05-12 22:21:52.886 | INFO     | __main__:compare_search_time:65 - Red black tree time: 1.1920928955078125e-05
2024-05-12 22:21:52.888 | INFO     | __main__:compare_search_time:27 - 1000 - country
2024-05-12 22:21:52.907 | INFO     | __main__:compare_search_time:41 - Binary time: 0.000225067138671875
2024-05-12 22:21:52.907 | INFO     | __main__:compare_search_time:52 - Hash time: 1.9073486328125e-06
2024-05-12 22:21:52.909 | INFO     | __main__:compare_search_time:65 - Red black tree time: 7.605552673339844e-05
2024-05-12 22:21:52.911 | INFO     | __main__:compare_search_time:27 - 5000 - name
2024-05-12 22:21:53.204 | INFO     | __main__:compare_search_time:41 - Binary time: 0.0024340152740478516
2024-05-12 22:21:53.205 | INFO     | __main__:compare_search_time:52 - Hash time: 0.0
2024-05-12 22:21:53.215 | INFO     | __main__:compare_search_time:65 - Red black tree time: 0.00045490264892578125
2024-05-12 22:21:53.221 | INFO     | __main__:compare_search_time:27 - 10000 - age
2024-05-12 22:21:54.349 | INFO     | __main__:compare_search_time:41 - Binary time: 0.008378744125366211
2024-05-12 22:21:54.351 | INFO     | __main__:compare_search_time:52 - Hash time: 9.5367431640625e-07
2024-05-12 22:21:54.371 | INFO     | __main__:compare_search_time:65 - Red black tree time: 0.0007312297821044922
2024-05-12 22:21:54.413 | INFO     | __main__:compare_search_time:27 - 50000 - country
2024-05-12 22:22:04.580 | INFO     | __main__:compare_search_time:41 - Binary time: 0.06603002548217773
2024-05-12 22:22:04.625 | INFO     | __main__:compare_search_time:52 - Hash time: 2.86102294921875e-06
2024-05-12 22:22:04.760 | INFO     | __main__:compare_search_time:65 - Red black tree time: 0.0036950111389160156
2024-05-12 22:22:05.182 | INFO     | __main__:compare_search_time:27 - 750000 - age
2024-05-12 22:22:15.268 | INFO     | __main__:compare_search_time:41 - Binary time: 0.0652458667755127
2024-05-12 22:22:15.727 | INFO     | __main__:compare_search_time:52 - Hash time: 3.814697265625e-06
2024-05-12 22:22:18.023 | INFO     | __main__:compare_search_time:65 - Red black tree time: 0.05992412567138672
2024-05-12 22:22:18.110 | INFO     | __main__:compare_search_time:27 - 100000 - name
2024-05-12 22:22:55.522 | INFO     | __main__:compare_search_time:27 - 100 - country
2024-05-12 22:22:55.523 | INFO     | __main__:compare_search_time:41 - Binary time: 1.3113021850585938e-05
2024-05-12 22:22:55.523 | INFO     | __main__:compare_search_time:52 - Hash time: 7.152557373046875e-07
2024-05-12 22:22:55.523 | INFO     | __main__:compare_search_time:65 - Red black tree time: 1.0967254638671875e-05
2024-05-12 22:22:55.524 | INFO     | __main__:compare_search_time:27 - 1000 - country
2024-05-12 22:22:55.535 | INFO     | __main__:compare_search_time:41 - Binary time: 0.00024819374084472656
2024-05-12 22:22:55.535 | INFO     | __main__:compare_search_time:52 - Hash time: 9.5367431640625e-07
2024-05-12 22:22:55.537 | INFO     | __main__:compare_search_time:65 - Red black tree time: 7.700920104980469e-05
2024-05-12 22:22:55.540 | INFO     | __main__:compare_search_time:27 - 5000 - country
2024-05-12 22:22:55.824 | INFO     | __main__:compare_search_time:41 - Binary time: 0.00232696533203125
2024-05-12 22:22:55.825 | INFO     | __main__:compare_search_time:52 - Hash time: 1.1920928955078125e-06
2024-05-12 22:22:55.834 | INFO     | __main__:compare_search_time:65 - Red black tree time: 0.00040602684020996094
2024-05-12 22:22:55.840 | INFO     | __main__:compare_search_time:27 - 10000 - country
2024-05-12 22:22:56.967 | INFO     | __main__:compare_search_time:41 - Binary time: 0.008496999740600586
2024-05-12 22:22:56.969 | INFO     | __main__:compare_search_time:52 - Hash time: 0.0
2024-05-12 22:22:56.989 | INFO     | __main__:compare_search_time:65 - Red black tree time: 0.0007307529449462891
2024-05-12 22:22:57.028 | INFO     | __main__:compare_search_time:27 - 50000 - country
2024-05-12 22:23:24.676 | INFO     | __main__:compare_search_time:41 - Binary time: 0.18332314491271973
2024-05-12 22:23:24.706 | INFO     | __main__:compare_search_time:52 - Hash time: 2.86102294921875e-06
2024-05-12 22:23:24.821 | INFO     | __main__:compare_search_time:65 - Red black tree time: 0.0038547515869140625
2024-05-12 22:23:25.229 | INFO     | __main__:compare_search_time:27 - 750000 - age
2024-05-12 22:28:53.285 | INFO     | __main__:compare_search_time:27 - 100 - country
2024-05-12 22:28:53.285 | INFO     | __main__:compare_search_time:44 - Binary time: 1.0967254638671875e-05
2024-05-12 22:28:53.285 | INFO     | __main__:compare_search_time:55 - Hash time: 1.1920928955078125e-06
2024-05-12 22:28:53.285 | INFO     | __main__:compare_search_time:68 - Red black tree time: 1.1205673217773438e-05
2024-05-12 22:28:53.286 | INFO     | __main__:compare_search_time:27 - 1000 - country
2024-05-12 22:28:53.297 | INFO     | __main__:compare_search_time:44 - Binary time: 0.0002281665802001953
2024-05-12 22:28:53.297 | INFO     | __main__:compare_search_time:55 - Hash time: 1.1920928955078125e-06
2024-05-12 22:28:53.299 | INFO     | __main__:compare_search_time:68 - Red black tree time: 7.605552673339844e-05
2024-05-12 22:28:53.302 | INFO     | __main__:compare_search_time:27 - 5000 - name
2024-05-12 22:28:53.577 | INFO     | __main__:compare_search_time:44 - Binary time: 0.0023412704467773438
2024-05-12 22:28:53.578 | INFO     | __main__:compare_search_time:55 - Hash time: 9.5367431640625e-07
2024-05-12 22:28:53.587 | INFO     | __main__:compare_search_time:68 - Red black tree time: 0.0003647804260253906
2024-05-12 22:28:53.593 | INFO     | __main__:compare_search_time:27 - 10000 - name
2024-05-12 22:28:54.699 | INFO     | __main__:compare_search_time:44 - Binary time: 0.008243799209594727
2024-05-12 22:28:54.701 | INFO     | __main__:compare_search_time:55 - Hash time: 9.5367431640625e-07
2024-05-12 22:28:54.720 | INFO     | __main__:compare_search_time:68 - Red black tree time: 0.0006988048553466797
2024-05-12 22:28:54.757 | INFO     | __main__:compare_search_time:27 - 50000 - country
2024-05-12 22:29:22.674 | INFO     | __main__:compare_search_time:44 - Binary time: 0.18179893493652344
2024-05-12 22:29:22.709 | INFO     | __main__:compare_search_time:55 - Hash time: 4.0531158447265625e-06
2024-05-12 22:29:22.825 | INFO     | __main__:compare_search_time:68 - Red black tree time: 0.004045963287353516
2024-05-12 22:29:23.226 | INFO     | __main__:compare_search_time:27 - 750000 - name
2024-05-12 22:30:03.030 | ERROR    | __main__:compare_search_time:40 - Max recursion depth
2024-05-12 22:30:03.032 | INFO     | __main__:compare_search_time:44 - Binary time: 0.04665184020996094
2024-05-12 22:30:03.425 | INFO     | __main__:compare_search_time:55 - Hash time: 2.86102294921875e-06
2024-05-12 22:30:05.696 | INFO     | __main__:compare_search_time:68 - Red black tree time: 0.060957908630371094
2024-05-12 22:30:05.779 | INFO     | __main__:compare_search_time:27 - 100000 - name
2024-05-12 22:30:46.331 | ERROR    | __main__:compare_search_time:40 - Max recursion depth
2024-05-12 22:30:46.334 | INFO     | __main__:compare_search_time:44 - Binary time: 0.006227970123291016
2024-05-12 22:30:46.745 | INFO     | __main__:compare_search_time:55 - Hash time: 5.245208740234375e-06
2024-05-12 22:30:46.970 | INFO     | __main__:compare_search_time:68 - Red black tree time: 0.007568836212158203
2024-05-13 10:55:11.117 | INFO     | __main__:compare_search_time:28 - 100 - or
2024-05-13 10:55:11.118 | INFO     | __main__:compare_search_time:45 - Binary time: 2.1457672119140625e-06
2024-05-13 10:55:11.118 | INFO     | __main__:compare_search_time:56 - Hash time: 1.1920928955078125e-06
2024-05-13 10:55:11.118 | INFO     | __main__:compare_search_time:69 - Red black tree time: 1.9073486328125e-06
2024-05-13 10:55:11.119 | INFO     | __main__:compare_search_time:28 - 1000 - wy
2024-05-13 10:55:11.120 | INFO     | __main__:compare_search_time:45 - Binary time: 1.9073486328125e-06
2024-05-13 10:55:11.120 | INFO     | __main__:compare_search_time:56 - Hash time: 9.5367431640625e-07
2024-05-13 10:55:11.122 | INFO     | __main__:compare_search_time:69 - Red black tree time: 1.1920928955078125e-06
2024-05-13 10:55:11.125 | INFO     | __main__:compare_search_time:28 - 5000 - zp
2024-05-13 10:55:11.131 | INFO     | __main__:compare_search_time:45 - Binary time: 7.867813110351562e-06
2024-05-13 10:55:11.132 | INFO     | __main__:compare_search_time:56 - Hash time: 9.5367431640625e-07
2024-05-13 10:55:11.140 | INFO     | __main__:compare_search_time:69 - Red black tree time: 1.0967254638671875e-05
2024-05-13 10:55:11.145 | INFO     | __main__:compare_search_time:28 - 10000 - zd
2024-05-13 10:55:11.158 | INFO     | __main__:compare_search_time:45 - Binary time: 1.0967254638671875e-05
2024-05-13 10:55:11.161 | INFO     | __main__:compare_search_time:56 - Hash time: 3.0994415283203125e-06
2024-05-13 10:55:11.178 | INFO     | __main__:compare_search_time:69 - Red black tree time: 1.0013580322265625e-05
2024-05-13 10:55:11.219 | INFO     | __main__:compare_search_time:28 - 50000 - qj
2024-05-13 10:55:11.356 | INFO     | __main__:compare_search_time:45 - Binary time: 3.3855438232421875e-05
2024-05-13 10:55:11.395 | INFO     | __main__:compare_search_time:56 - Hash time: 2.1457672119140625e-06
2024-05-13 10:55:11.495 | INFO     | __main__:compare_search_time:69 - Red black tree time: 2.7894973754882812e-05
2024-05-13 10:55:11.896 | INFO     | __main__:compare_search_time:28 - 750000 - uv
2024-05-13 10:56:23.947 | INFO     | __main__:compare_search_time:45 - Binary time: 0.0016999244689941406
2024-05-13 10:56:24.469 | INFO     | __main__:compare_search_time:56 - Hash time: 5.7220458984375e-06
2024-05-13 10:56:26.718 | INFO     | __main__:compare_search_time:69 - Red black tree time: 0.0005331039428710938
2024-05-13 10:56:26.824 | INFO     | __main__:compare_search_time:28 - 100000 - ny
2024-05-13 10:56:27.553 | INFO     | __main__:compare_search_time:45 - Binary time: 0.00017595291137695312
2024-05-13 10:56:28.002 | INFO     | __main__:compare_search_time:56 - Hash time: 2.1457672119140625e-06
2024-05-13 10:56:28.211 | INFO     | __main__:compare_search_time:69 - Red black tree time: 6.103515625e-05
2024-05-13 13:14:50.211 | INFO     | __main__:compare_search_time:28 - 100 - qw
2024-05-13 13:14:50.211 | INFO     | __main__:compare_search_time:45 - Binary time: 3.0994415283203125e-06
2024-05-13 13:14:50.211 | INFO     | __main__:compare_search_time:56 - Hash time: 9.5367431640625e-07
2024-05-13 13:14:50.211 | INFO     | __main__:compare_search_time:69 - Red black tree time: 3.0994415283203125e-06
2024-05-13 13:14:50.213 | INFO     | __main__:compare_search_time:28 - 1000 - xl
2024-05-13 13:14:50.214 | INFO     | __main__:compare_search_time:45 - Binary time: 5.9604644775390625e-06
2024-05-13 13:14:50.214 | INFO     | __main__:compare_search_time:56 - Hash time: 1.0967254638671875e-05
2024-05-13 13:14:50.216 | INFO     | __main__:compare_search_time:69 - Red black tree time: 3.814697265625e-06
2024-05-13 13:14:50.219 | INFO     | __main__:compare_search_time:28 - 5000 - ci
2024-05-13 13:14:50.226 | INFO     | __main__:compare_search_time:45 - Binary time: 9.059906005859375e-06
2024-05-13 13:14:50.227 | INFO     | __main__:compare_search_time:56 - Hash time: 2.1457672119140625e-06
2024-05-13 13:14:50.235 | INFO     | __main__:compare_search_time:69 - Red black tree time: 6.9141387939453125e-06
2024-05-13 13:14:50.241 | INFO     | __main__:compare_search_time:28 - 10000 - np
2024-05-13 13:14:50.255 | INFO     | __main__:compare_search_time:45 - Binary time: 7.867813110351562e-06
2024-05-13 13:14:50.257 | INFO     | __main__:compare_search_time:56 - Hash time: 0.0
2024-05-13 13:14:50.274 | INFO     | __main__:compare_search_time:69 - Red black tree time: 7.867813110351562e-06
2024-05-13 13:14:50.312 | INFO     | __main__:compare_search_time:28 - 50000 - as
2024-05-13 13:14:50.450 | INFO     | __main__:compare_search_time:45 - Binary time: 4.315376281738281e-05
2024-05-13 13:14:50.489 | INFO     | __main__:compare_search_time:56 - Hash time: 2.86102294921875e-06
2024-05-13 13:14:50.586 | INFO     | __main__:compare_search_time:69 - Red black tree time: 3.1948089599609375e-05
2024-05-13 13:14:50.987 | INFO     | __main__:compare_search_time:28 - 750000 - fy
2024-05-13 13:16:10.338 | INFO     | __main__:compare_search_time:45 - Binary time: 0.0034770965576171875
2024-05-13 13:16:10.785 | INFO     | __main__:compare_search_time:56 - Hash time: 5.7220458984375e-06
2024-05-13 13:16:13.142 | INFO     | __main__:compare_search_time:69 - Red black tree time: 0.0008630752563476562
2024-05-13 13:16:13.226 | INFO     | __main__:compare_search_time:28 - 100000 - oz
2024-05-13 13:16:14.233 | INFO     | __main__:compare_search_time:45 - Binary time: 0.00013327598571777344
2024-05-13 13:16:14.775 | INFO     | __main__:compare_search_time:56 - Hash time: 2.1457672119140625e-06
2024-05-13 13:16:14.981 | INFO     | __main__:compare_search_time:69 - Red black tree time: 6.985664367675781e-05
2024-05-13 13:17:48.478 | INFO     | __main__:compare_search_time:28 - 100 - ai
2024-05-13 13:17:48.479 | INFO     | __main__:compare_search_time:45 - Binary time: 2.86102294921875e-06
2024-05-13 13:17:48.479 | INFO     | __main__:compare_search_time:56 - Hash time: 1.1920928955078125e-06
2024-05-13 13:17:48.479 | INFO     | __main__:compare_search_time:69 - Red black tree time: 2.1457672119140625e-06
2024-05-13 13:17:48.480 | INFO     | __main__:compare_search_time:28 - 1000 - kh
2024-05-13 13:17:48.482 | INFO     | __main__:compare_search_time:45 - Binary time: 2.86102294921875e-06
2024-05-13 13:17:48.482 | INFO     | __main__:compare_search_time:56 - Hash time: 9.5367431640625e-07
2024-05-13 13:17:48.484 | INFO     | __main__:compare_search_time:69 - Red black tree time: 3.0994415283203125e-06
2024-05-13 13:17:48.488 | INFO     | __main__:compare_search_time:28 - 5000 - bn
2024-05-13 13:17:48.495 | INFO     | __main__:compare_search_time:45 - Binary time: 8.821487426757812e-06
2024-05-13 13:17:48.496 | INFO     | __main__:compare_search_time:56 - Hash time: 9.5367431640625e-07
2024-05-13 13:17:48.504 | INFO     | __main__:compare_search_time:69 - Red black tree time: 5.9604644775390625e-06
2024-05-13 13:17:48.510 | INFO     | __main__:compare_search_time:28 - 10000 - rl
2024-05-13 13:17:48.523 | INFO     | __main__:compare_search_time:45 - Binary time: 1.0967254638671875e-05
2024-05-13 13:17:48.526 | INFO     | __main__:compare_search_time:56 - Hash time: 1.9073486328125e-06
2024-05-13 13:17:48.541 | INFO     | __main__:compare_search_time:69 - Red black tree time: 8.821487426757812e-06
2024-05-13 13:17:48.579 | INFO     | __main__:compare_search_time:28 - 50000 - qa
2024-05-13 13:17:48.723 | INFO     | __main__:compare_search_time:45 - Binary time: 4.887580871582031e-05
2024-05-13 13:17:48.764 | INFO     | __main__:compare_search_time:56 - Hash time: 1.9073486328125e-06
2024-05-13 13:17:48.863 | INFO     | __main__:compare_search_time:69 - Red black tree time: 2.574920654296875e-05
2024-05-13 13:17:48.932 | INFO     | __main__:compare_search_time:28 - 75000 - xk
2024-05-13 13:17:49.248 | INFO     | __main__:compare_search_time:45 - Binary time: 8.392333984375e-05
2024-05-13 13:17:49.290 | INFO     | __main__:compare_search_time:56 - Hash time: 1.9073486328125e-06
2024-05-13 13:17:49.477 | INFO     | __main__:compare_search_time:69 - Red black tree time: 3.886222839355469e-05
2024-05-13 13:17:49.528 | INFO     | __main__:compare_search_time:28 - 100000 - xv
2024-05-13 13:17:50.149 | INFO     | __main__:compare_search_time:45 - Binary time: 9.489059448242188e-05
2024-05-13 13:17:50.207 | INFO     | __main__:compare_search_time:56 - Hash time: 3.0994415283203125e-06
2024-05-13 13:17:50.459 | INFO     | __main__:compare_search_time:69 - Red black tree time: 6.103515625e-05
2024-05-13 13:38:33.057 | INFO     | __main__:compare_search_time:30 - 100 - bq
2024-05-13 13:38:33.057 | INFO     | __main__:compare_search_time:47 - Binary time: 3.0994415283203125e-06
2024-05-13 13:38:33.057 | INFO     | __main__:compare_search_time:58 - Hash time: 9.5367431640625e-07
2024-05-13 13:38:33.058 | INFO     | __main__:compare_search_time:71 - Red black tree time: 1.9073486328125e-06
2024-05-13 13:38:44.423 | INFO     | __main__:compare_search_time:30 - 100 - ww
2024-05-13 13:38:44.424 | INFO     | __main__:compare_search_time:47 - Binary time: 3.0994415283203125e-06
2024-05-13 13:38:44.424 | INFO     | __main__:compare_search_time:58 - Hash time: 1.1920928955078125e-06
2024-05-13 13:38:44.424 | INFO     | __main__:compare_search_time:71 - Red black tree time: 1.9073486328125e-06
2024-05-13 13:38:44.425 | INFO     | __main__:compare_search_time:30 - 1000 - tk
2024-05-13 13:38:44.426 | INFO     | __main__:compare_search_time:47 - Binary time: 3.0994415283203125e-06
2024-05-13 13:38:44.426 | INFO     | __main__:compare_search_time:58 - Hash time: 2.1457672119140625e-06
2024-05-13 13:38:44.428 | INFO     | __main__:compare_search_time:71 - Red black tree time: 1.9073486328125e-06
2024-05-13 13:38:44.431 | INFO     | __main__:compare_search_time:30 - 5000 - xl
2024-05-13 13:38:44.438 | INFO     | __main__:compare_search_time:47 - Binary time: 1.811981201171875e-05
2024-05-13 13:38:44.439 | INFO     | __main__:compare_search_time:58 - Hash time: 0.0
2024-05-13 13:38:44.447 | INFO     | __main__:compare_search_time:71 - Red black tree time: 1.1920928955078125e-05
2024-05-13 13:38:44.455 | INFO     | __main__:compare_search_time:30 - 10000 - ky
2024-05-13 13:38:44.472 | INFO     | __main__:compare_search_time:47 - Binary time: 1.0967254638671875e-05
2024-05-13 13:38:44.475 | INFO     | __main__:compare_search_time:58 - Hash time: 1.1920928955078125e-06
2024-05-13 13:38:44.492 | INFO     | __main__:compare_search_time:71 - Red black tree time: 8.821487426757812e-06
2024-05-13 13:38:44.531 | INFO     | __main__:compare_search_time:30 - 50000 - mo
2024-05-13 13:38:44.668 | INFO     | __main__:compare_search_time:47 - Binary time: 5.0067901611328125e-05
2024-05-13 13:38:44.709 | INFO     | __main__:compare_search_time:58 - Hash time: 1.6689300537109375e-06
2024-05-13 13:38:44.805 | INFO     | __main__:compare_search_time:71 - Red black tree time: 3.0040740966796875e-05
2024-05-13 13:38:44.875 | INFO     | __main__:compare_search_time:30 - 75000 - qf
2024-05-13 13:38:45.198 | INFO     | __main__:compare_search_time:47 - Binary time: 7.486343383789062e-05
2024-05-13 13:38:45.241 | INFO     | __main__:compare_search_time:58 - Hash time: 2.1457672119140625e-06
2024-05-13 13:38:45.429 | INFO     | __main__:compare_search_time:71 - Red black tree time: 4.1961669921875e-05
2024-05-13 13:38:45.490 | INFO     | __main__:compare_search_time:30 - 100000 - tj
2024-05-13 13:38:46.150 | INFO     | __main__:compare_search_time:47 - Binary time: 9.608268737792969e-05
2024-05-13 13:38:46.211 | INFO     | __main__:compare_search_time:58 - Hash time: 1.9073486328125e-06
2024-05-13 13:38:46.465 | INFO     | __main__:compare_search_time:71 - Red black tree time: 5.91278076171875e-05
2024-05-13 14:05:40.463 | INFO     | __main__:compare_search_time:30 - 100 - qx
2024-05-13 14:05:40.464 | INFO     | __main__:compare_search_time:47 - Binary time: 3.0994415283203125e-06
2024-05-13 14:05:40.464 | INFO     | __main__:compare_search_time:60 - Hash time: 3.0994415283203125e-06
2024-05-13 14:05:40.464 | INFO     | __main__:compare_search_time:73 - Red black tree time: 2.1457672119140625e-06
2024-05-13 14:05:40.465 | INFO     | __main__:compare_search_time:30 - 1000 - qq
2024-05-13 14:05:40.466 | INFO     | __main__:compare_search_time:47 - Binary time: 2.86102294921875e-06
2024-05-13 14:05:40.466 | INFO     | __main__:compare_search_time:60 - Hash time: 1.9073486328125e-06
2024-05-13 14:05:40.468 | INFO     | __main__:compare_search_time:73 - Red black tree time: 2.86102294921875e-06
2024-05-13 14:05:40.471 | INFO     | __main__:compare_search_time:30 - 5000 - gw
2024-05-13 14:05:40.477 | INFO     | __main__:compare_search_time:47 - Binary time: 9.059906005859375e-06
2024-05-13 14:05:40.478 | INFO     | __main__:compare_search_time:60 - Hash time: 5.245208740234375e-06
2024-05-13 14:05:40.486 | INFO     | __main__:compare_search_time:73 - Red black tree time: 1.2159347534179688e-05
2024-05-13 14:05:40.494 | INFO     | __main__:compare_search_time:30 - 10000 - mq
2024-05-13 14:05:40.510 | INFO     | __main__:compare_search_time:47 - Binary time: 1.4066696166992188e-05
2024-05-13 14:05:40.513 | INFO     | __main__:compare_search_time:60 - Hash time: 9.059906005859375e-06
2024-05-13 14:05:40.533 | INFO     | __main__:compare_search_time:73 - Red black tree time: 1.0967254638671875e-05
2024-05-13 14:05:40.576 | INFO     | __main__:compare_search_time:30 - 50000 - wf
2024-05-13 14:05:40.712 | INFO     | __main__:compare_search_time:47 - Binary time: 5.793571472167969e-05
2024-05-13 14:05:40.753 | INFO     | __main__:compare_search_time:60 - Hash time: 9.775161743164062e-06
2024-05-13 14:05:40.853 | INFO     | __main__:compare_search_time:73 - Red black tree time: 4.6253204345703125e-05
2024-05-13 14:05:40.925 | INFO     | __main__:compare_search_time:30 - 75000 - xq
2024-05-13 14:05:41.297 | INFO     | __main__:compare_search_time:47 - Binary time: 9.417533874511719e-05
2024-05-13 14:05:41.340 | INFO     | __main__:compare_search_time:60 - Hash time: 1.3113021850585938e-05
2024-05-13 14:05:41.560 | INFO     | __main__:compare_search_time:73 - Red black tree time: 4.363059997558594e-05
2024-05-13 14:05:41.686 | INFO     | __main__:compare_search_time:30 - 100000 - ot
2024-05-13 14:05:42.561 | INFO     | __main__:compare_search_time:47 - Binary time: 0.00014781951904296875
2024-05-13 14:05:42.628 | INFO     | __main__:compare_search_time:60 - Hash time: 1.3828277587890625e-05
2024-05-13 14:05:42.886 | INFO     | __main__:compare_search_time:73 - Red black tree time: 5.698204040527344e-05
